<<<<<<< HEAD
﻿  SoundResource.cpp
=======
<<<<<<< HEAD
﻿  SoundResource.cpp
c:\users\student\desktop\gamecraft\gamecraft2019\resource manager\soundresource.h(4): fatal error C1083: Cannot open include file: 'SDL.h': No such file or directory
  ResourceManager.cpp
c:\users\student\desktop\gamecraft\gamecraft2019\resource manager\imageresource.h(4): fatal error C1083: Cannot open include file: 'SDL.h': No such file or directory
  ImageResource.cpp
c:\users\student\desktop\gamecraft\gamecraft2019\resource manager\imageresource.h(4): fatal error C1083: Cannot open include file: 'SDL.h': No such file or directory
  MenuManager.cpp
c:\users\student\desktop\gamecraft\gamecraft2019\menumanager.h(3): fatal error C1083: Cannot open include file: 'SDL.h': No such file or directory
  main.cpp
c:\users\student\desktop\gamecraft\gamecraft2019\game.h(5): fatal error C1083: Cannot open include file: 'SDL.h': No such file or directory
  GameScene.cpp
c:\users\student\desktop\gamecraft\gamecraft2019\scene.h(2): fatal error C1083: Cannot open include file: 'SDL.h': No such file or directory
  Menu.cpp
  InputHandler.cpp
  Game.cpp
c:\users\student\desktop\gamecraft\gamecraft2019\game.h(5): fatal error C1083: Cannot open include file: 'SDL.h': No such file or directory
=======
﻿  main.cpp
c:\users\student\desktop\gamecraft\gamecraft\gamecraft2019\game.h(5): fatal error C1083: Cannot open include file: 'SDL.h': No such file or directory
  SoundResource.cpp
>>>>>>> master
c:\users\student\desktop\gamecraft\gamecraft\gamecraft2019\resource manager\soundresource.h(4): fatal error C1083: Cannot open include file: 'SDL.h': No such file or directory
  ResourceManager.cpp
c:\users\student\desktop\gamecraft\gamecraft\gamecraft2019\resource manager\imageresource.h(4): fatal error C1083: Cannot open include file: 'SDL.h': No such file or directory
  ImageResource.cpp
c:\users\student\desktop\gamecraft\gamecraft\gamecraft2019\resource manager\imageresource.h(4): fatal error C1083: Cannot open include file: 'SDL.h': No such file or directory
  MenuManager.cpp
c:\users\student\desktop\gamecraft\gamecraft\gamecraft2019\menumanager.h(3): fatal error C1083: Cannot open include file: 'SDL.h': No such file or directory
  GameScene.cpp
c:\users\student\desktop\gamecraft\gamecraft\gamecraft2019\scene.h(2): fatal error C1083: Cannot open include file: 'SDL.h': No such file or directory
  main.cpp
c:\users\student\desktop\gamecraft\gamecraft\gamecraft2019\game.h(5): fatal error C1083: Cannot open include file: 'SDL.h': No such file or directory
  Tile.cpp
c:\users\student\desktop\gamecraft\gamecraft\gamecraft2019\grid\tile.h(4): fatal error C1083: Cannot open include file: 'SDL.h': No such file or directory
  Grid.cpp
c:\users\student\desktop\gamecraft\gamecraft\gamecraft2019\grid\grid.h(4): fatal error C1083: Cannot open include file: 'SDL.h': No such file or directory
  Game.cpp
c:\users\student\desktop\gamecraft\gamecraft\gamecraft2019\game.h(5): fatal error C1083: Cannot open include file: 'SDL.h': No such file or directory
  Brick.cpp
c:\users\student\desktop\gamecraft\gamecraft\gamecraft2019\brick.h(4): fatal error C1083: Cannot open include file: 'SDL.h': No such file or directory
>>>>>>> 0453a72c13aac696d066a4cf45bef10f2463765a
  Generating Code...
