c:\users\student\desktop\gamecraft\gamecraft2019\debug\vc140.pdb
c:\users\student\desktop\gamecraft\gamecraft2019\debug\vc140.idb
c:\users\student\desktop\gamecraft\gamecraft2019\debug\brick.obj
c:\users\student\desktop\gamecraft\gamecraft2019\debug\game.obj
c:\users\student\desktop\gamecraft\gamecraft2019\debug\inputhandler.obj
c:\users\student\desktop\gamecraft\gamecraft2019\debug\main.obj
c:\users\student\desktop\gamecraft\gamecraft2019\debug\menu.obj
c:\users\student\desktop\gamecraft\gamecraft2019\debug\gamescene.obj
c:\users\student\desktop\gamecraft\gamecraft2019\debug\menumanager.obj
c:\users\student\desktop\gamecraft\gamecraft2019\debug\imageresource.obj
c:\users\student\desktop\gamecraft\gamecraft2019\debug\resourcemanager.obj
c:\users\student\desktop\gamecraft\gamecraft2019\debug\soundresource.obj
c:\users\student\desktop\gamecraft\gamecraft2019\debug\vector2f.obj
c:\users\student\desktop\gamecraft\gamecraft2019\debug\gamecraft2019.ilk
c:\users\student\desktop\gamecraft\gamecraft2019\debug\gamecraft2019.exe
c:\users\student\desktop\gamecraft\gamecraft2019\debug\gamecraft2019.pdb
c:\users\student\desktop\gamecraft\gamecraft2019\debug\gamecraft2019.tlog\cl.command.1.tlog
c:\users\student\desktop\gamecraft\gamecraft2019\debug\gamecraft2019.tlog\cl.read.1.tlog
c:\users\student\desktop\gamecraft\gamecraft2019\debug\gamecraft2019.tlog\cl.write.1.tlog
c:\users\student\desktop\gamecraft\gamecraft2019\debug\gamecraft2019.tlog\link.command.1.tlog
c:\users\student\desktop\gamecraft\gamecraft2019\debug\gamecraft2019.tlog\link.read.1.tlog
c:\users\student\desktop\gamecraft\gamecraft2019\debug\gamecraft2019.tlog\link.write.1.tlog
