  Brick.cpp
c:\program files (x86)\windows kits\10\include\10.0.17763.0\ucrt\corecrt_math_defines.h(22): warning C4005: 'M_PI': macro redefinition
  c:\sdl2-2.0.8\include\sdl_stdinc.h(499): note: see previous definition of 'M_PI'
c:\users\dylmr\desktop\gamecraft\gamecraft2019\brick.cpp(15): warning C4244: '=': conversion from 'float' to 'int', possible loss of data
c:\users\dylmr\desktop\gamecraft\gamecraft2019\brick.cpp(16): warning C4244: '=': conversion from 'float' to 'int', possible loss of data
c:\users\dylmr\desktop\gamecraft\gamecraft2019\brick.cpp(51): warning C4244: '=': conversion from 'float' to 'int', possible loss of data
c:\users\dylmr\desktop\gamecraft\gamecraft2019\brick.cpp(52): warning C4244: '=': conversion from 'float' to 'int', possible loss of data
c:\users\dylmr\desktop\gamecraft\gamecraft2019\brick.cpp(60): warning C4305: '+=': truncation from 'double' to 'float'
c:\users\dylmr\desktop\gamecraft\gamecraft2019\brick.cpp(64): warning C4244: '=': conversion from 'int' to 'float', possible loss of data
  Gamecraft2019.vcxproj -> C:\Users\dylmr\Desktop\GameCraft\Gamecraft2019\Debug\Gamecraft2019.exe
  C:\Users\dylmr\Desktop\GameCraft\Gamecraft2019\\dlls\libFLAC-8.dll
  C:\Users\dylmr\Desktop\GameCraft\Gamecraft2019\\dlls\libfreetype-6.dll
  C:\Users\dylmr\Desktop\GameCraft\Gamecraft2019\\dlls\libjpeg-9.dll
  C:\Users\dylmr\Desktop\GameCraft\Gamecraft2019\\dlls\libmodplug-1.dll
  C:\Users\dylmr\Desktop\GameCraft\Gamecraft2019\\dlls\libmpg123-0.dll
  C:\Users\dylmr\Desktop\GameCraft\Gamecraft2019\\dlls\libogg-0.dll
  C:\Users\dylmr\Desktop\GameCraft\Gamecraft2019\\dlls\libopus-0.dll
  C:\Users\dylmr\Desktop\GameCraft\Gamecraft2019\\dlls\libopusfile-0.dll
  C:\Users\dylmr\Desktop\GameCraft\Gamecraft2019\\dlls\libpng16-16.dll
  C:\Users\dylmr\Desktop\GameCraft\Gamecraft2019\\dlls\libtiff-5.dll
  C:\Users\dylmr\Desktop\GameCraft\Gamecraft2019\\dlls\libvorbis-0.dll
  C:\Users\dylmr\Desktop\GameCraft\Gamecraft2019\\dlls\libvorbisfile-3.dll
  C:\Users\dylmr\Desktop\GameCraft\Gamecraft2019\\dlls\libwebp-7.dll
  C:\Users\dylmr\Desktop\GameCraft\Gamecraft2019\\dlls\SDL2.dll
  C:\Users\dylmr\Desktop\GameCraft\Gamecraft2019\\dlls\SDL2_image.dll
  C:\Users\dylmr\Desktop\GameCraft\Gamecraft2019\\dlls\SDL2_mixer.dll
  C:\Users\dylmr\Desktop\GameCraft\Gamecraft2019\\dlls\SDL2_ttf.dll
  C:\Users\dylmr\Desktop\GameCraft\Gamecraft2019\\dlls\zlib1.dll
  18 File(s) copied
